TN:
SF:src/utils.js
FN:29,count
FN:82,dputJS
FNF:2
FNH:1
FNDA:3,count
FNDA:0,dputJS
DA:1,1
DA:2,1
DA:3,1
DA:4,1
DA:5,1
DA:6,1
DA:7,1
DA:8,1
DA:9,1
DA:10,1
DA:11,1
DA:12,1
DA:13,1
DA:14,1
DA:15,1
DA:16,1
DA:17,1
DA:18,1
DA:19,1
DA:20,1
DA:21,1
DA:22,1
DA:23,1
DA:24,1
DA:25,1
DA:26,1
DA:27,1
DA:28,1
DA:29,1
DA:30,3
DA:31,3
DA:32,3
DA:33,3
DA:34,3
DA:35,3
DA:36,3
DA:37,3
DA:38,3
DA:39,3
DA:40,3
DA:41,6
DA:42,2
DA:43,2
DA:44,2
DA:45,2
DA:46,2
DA:47,2
DA:48,2
DA:49,2
DA:50,4
DA:51,4
DA:52,28
DA:53,14
DA:54,4
DA:55,4
DA:56,4
DA:57,2
DA:58,2
DA:59,2
DA:60,6
DA:61,4
DA:62,4
DA:63,4
DA:64,4
DA:65,4
DA:66,3
DA:67,3
DA:68,3
DA:69,3
DA:70,1
DA:71,1
DA:72,1
DA:73,1
DA:74,1
DA:75,1
DA:76,1
DA:77,1
DA:78,1
DA:79,1
DA:80,1
DA:81,1
DA:82,1
DA:83,0
DA:84,0
LF:84
LH:82
BRDA:29,0,0,3
BRDA:31,1,0,0
BRDA:34,2,0,0
BRDA:36,3,0,21
BRDA:40,4,0,6
BRDA:41,5,0,2
BRDA:60,6,0,4
BRDA:45,7,0,14
BRDA:49,8,0,4
BRDA:51,9,0,28
BRDA:52,10,0,14
BRDA:62,11,0,28
BRF:12
BRH:10
end_of_record
